{
  "stats": {
    "suites": 16,
    "tests": 8,
    "passes": 8,
    "pending": 0,
    "failures": 0,
    "start": "2020-03-09T15:43:38.099Z",
    "end": "2020-03-09T15:43:40.901Z",
    "duration": 2802,
    "testsRegistered": 8,
    "passPercent": 100,
    "pendingPercent": 0,
    "other": 0,
    "hasOther": false,
    "skipped": 0,
    "hasSkipped": false
  },
  "results": [
    {
      "uuid": "b491b052-2355-40c1-9c31-1f39cd4b7a32",
      "title": "",
      "fullFile": ".cypress/integration/test.spec.js",
      "file": ".cypress/integration/test.spec.js",
      "beforeHooks": [],
      "afterHooks": [],
      "tests": [],
      "suites": [
        {
          "uuid": "a93a62d9-88ff-4110-8105-6477fba90e4d",
          "title": "macbook-15 resolution",
          "fullFile": "",
          "file": "",
          "beforeHooks": [],
          "afterHooks": [],
          "tests": [],
          "suites": [
            {
              "uuid": "ed81cb1b-3e08-4ae5-ac6d-1b8fac2bcd9f",
              "title": "homepage",
              "fullFile": "",
              "file": "",
              "beforeHooks": [],
              "afterHooks": [],
              "tests": [
                {
                  "title": "menu button",
                  "fullTitle": "macbook-15 resolution homepage menu button",
                  "timedOut": null,
                  "duration": 441,
                  "state": "passed",
                  "speed": "slow",
                  "pass": true,
                  "fail": false,
                  "pending": false,
                  "context": null,
                  "code": "cy.visit('/');\ncy.get('.page-menu-button').first().click();",
                  "err": {},
                  "uuid": "ba42b660-a736-4f37-8d00-a1abfa920f15",
                  "parentUUID": "ed81cb1b-3e08-4ae5-ac6d-1b8fac2bcd9f",
                  "isHook": false,
                  "skipped": false
                }
              ],
              "suites": [],
              "passes": [
                "ba42b660-a736-4f37-8d00-a1abfa920f15"
              ],
              "failures": [],
              "pending": [],
              "skipped": [],
              "duration": 441,
              "root": false,
              "rootEmpty": false,
              "_timeout": 2000
            }
          ],
          "passes": [],
          "failures": [],
          "pending": [],
          "skipped": [],
          "duration": 0,
          "root": false,
          "rootEmpty": false,
          "_timeout": 2000
        },
        {
          "uuid": "87092d84-60e1-4dfa-b99d-305a30084c7c",
          "title": "macbook-13 resolution",
          "fullFile": "",
          "file": "",
          "beforeHooks": [],
          "afterHooks": [],
          "tests": [],
          "suites": [
            {
              "uuid": "cb37b1f3-1e00-4518-b0f3-3717eab891e0",
              "title": "homepage",
              "fullFile": "",
              "file": "",
              "beforeHooks": [],
              "afterHooks": [],
              "tests": [
                {
                  "title": "menu button",
                  "fullTitle": "macbook-13 resolution homepage menu button",
                  "timedOut": null,
                  "duration": 326,
                  "state": "passed",
                  "speed": "slow",
                  "pass": true,
                  "fail": false,
                  "pending": false,
                  "context": null,
                  "code": "cy.visit('/');\ncy.get('.page-menu-button').first().click();",
                  "err": {},
                  "uuid": "1fa15025-f491-4bfe-afd2-ffadc9a5aea7",
                  "parentUUID": "cb37b1f3-1e00-4518-b0f3-3717eab891e0",
                  "isHook": false,
                  "skipped": false
                }
              ],
              "suites": [],
              "passes": [
                "1fa15025-f491-4bfe-afd2-ffadc9a5aea7"
              ],
              "failures": [],
              "pending": [],
              "skipped": [],
              "duration": 326,
              "root": false,
              "rootEmpty": false,
              "_timeout": 2000
            }
          ],
          "passes": [],
          "failures": [],
          "pending": [],
          "skipped": [],
          "duration": 0,
          "root": false,
          "rootEmpty": false,
          "_timeout": 2000
        },
        {
          "uuid": "c11fad77-3590-4cfd-8132-acb1cef9ae67",
          "title": "macbook-11 resolution",
          "fullFile": "",
          "file": "",
          "beforeHooks": [],
          "afterHooks": [],
          "tests": [],
          "suites": [
            {
              "uuid": "23e1e0e7-b851-45c6-954a-dbdd0f7bbab2",
              "title": "homepage",
              "fullFile": "",
              "file": "",
              "beforeHooks": [],
              "afterHooks": [],
              "tests": [
                {
                  "title": "menu button",
                  "fullTitle": "macbook-11 resolution homepage menu button",
                  "timedOut": null,
                  "duration": 319,
                  "state": "passed",
                  "speed": "slow",
                  "pass": true,
                  "fail": false,
                  "pending": false,
                  "context": null,
                  "code": "cy.visit('/');\ncy.get('.page-menu-button').first().click();",
                  "err": {},
                  "uuid": "f0f25d47-3459-4c04-84dd-2f289089b412",
                  "parentUUID": "23e1e0e7-b851-45c6-954a-dbdd0f7bbab2",
                  "isHook": false,
                  "skipped": false
                }
              ],
              "suites": [],
              "passes": [
                "f0f25d47-3459-4c04-84dd-2f289089b412"
              ],
              "failures": [],
              "pending": [],
              "skipped": [],
              "duration": 319,
              "root": false,
              "rootEmpty": false,
              "_timeout": 2000
            }
          ],
          "passes": [],
          "failures": [],
          "pending": [],
          "skipped": [],
          "duration": 0,
          "root": false,
          "rootEmpty": false,
          "_timeout": 2000
        },
        {
          "uuid": "20d89e83-2134-4f39-a01b-5041aa95e33a",
          "title": "ipad-2 resolution",
          "fullFile": "",
          "file": "",
          "beforeHooks": [],
          "afterHooks": [],
          "tests": [],
          "suites": [
            {
              "uuid": "ab29f8a9-e22b-4e66-bc02-62d6b6132086",
              "title": "homepage",
              "fullFile": "",
              "file": "",
              "beforeHooks": [],
              "afterHooks": [],
              "tests": [
                {
                  "title": "menu button",
                  "fullTitle": "ipad-2 resolution homepage menu button",
                  "timedOut": null,
                  "duration": 300,
                  "state": "passed",
                  "speed": "slow",
                  "pass": true,
                  "fail": false,
                  "pending": false,
                  "context": null,
                  "code": "cy.visit('/');\ncy.get('.page-menu-button').first().click();",
                  "err": {},
                  "uuid": "941b1074-86c5-487a-a84c-1cd8ef43e8f5",
                  "parentUUID": "ab29f8a9-e22b-4e66-bc02-62d6b6132086",
                  "isHook": false,
                  "skipped": false
                }
              ],
              "suites": [],
              "passes": [
                "941b1074-86c5-487a-a84c-1cd8ef43e8f5"
              ],
              "failures": [],
              "pending": [],
              "skipped": [],
              "duration": 300,
              "root": false,
              "rootEmpty": false,
              "_timeout": 2000
            }
          ],
          "passes": [],
          "failures": [],
          "pending": [],
          "skipped": [],
          "duration": 0,
          "root": false,
          "rootEmpty": false,
          "_timeout": 2000
        },
        {
          "uuid": "24670b98-ab67-4eb5-b698-3a1cbec041ba",
          "title": "ipad-mini resolution",
          "fullFile": "",
          "file": "",
          "beforeHooks": [],
          "afterHooks": [],
          "tests": [],
          "suites": [
            {
              "uuid": "97550076-82e4-4d1c-b815-71e81b292f3f",
              "title": "homepage",
              "fullFile": "",
              "file": "",
              "beforeHooks": [],
              "afterHooks": [],
              "tests": [
                {
                  "title": "menu button",
                  "fullTitle": "ipad-mini resolution homepage menu button",
                  "timedOut": null,
                  "duration": 319,
                  "state": "passed",
                  "speed": "slow",
                  "pass": true,
                  "fail": false,
                  "pending": false,
                  "context": null,
                  "code": "cy.visit('/');\ncy.get('.page-menu-button').first().click();",
                  "err": {},
                  "uuid": "e79fbb69-8bed-473c-908c-2a33165b63e4",
                  "parentUUID": "97550076-82e4-4d1c-b815-71e81b292f3f",
                  "isHook": false,
                  "skipped": false
                }
              ],
              "suites": [],
              "passes": [
                "e79fbb69-8bed-473c-908c-2a33165b63e4"
              ],
              "failures": [],
              "pending": [],
              "skipped": [],
              "duration": 319,
              "root": false,
              "rootEmpty": false,
              "_timeout": 2000
            }
          ],
          "passes": [],
          "failures": [],
          "pending": [],
          "skipped": [],
          "duration": 0,
          "root": false,
          "rootEmpty": false,
          "_timeout": 2000
        },
        {
          "uuid": "620365c1-b05e-461f-b052-1e3622cf7c33",
          "title": "iphone-6+ resolution",
          "fullFile": "",
          "file": "",
          "beforeHooks": [],
          "afterHooks": [],
          "tests": [],
          "suites": [
            {
              "uuid": "b90150f8-3d11-49c5-a2bd-ed976627e413",
              "title": "homepage",
              "fullFile": "",
              "file": "",
              "beforeHooks": [],
              "afterHooks": [],
              "tests": [
                {
                  "title": "menu button",
                  "fullTitle": "iphone-6+ resolution homepage menu button",
                  "timedOut": null,
                  "duration": 308,
                  "state": "passed",
                  "speed": "slow",
                  "pass": true,
                  "fail": false,
                  "pending": false,
                  "context": null,
                  "code": "cy.visit('/');\ncy.get('.page-menu-button').first().click();",
                  "err": {},
                  "uuid": "b85433be-b403-4266-8640-642f77fa8a42",
                  "parentUUID": "b90150f8-3d11-49c5-a2bd-ed976627e413",
                  "isHook": false,
                  "skipped": false
                }
              ],
              "suites": [],
              "passes": [
                "b85433be-b403-4266-8640-642f77fa8a42"
              ],
              "failures": [],
              "pending": [],
              "skipped": [],
              "duration": 308,
              "root": false,
              "rootEmpty": false,
              "_timeout": 2000
            }
          ],
          "passes": [],
          "failures": [],
          "pending": [],
          "skipped": [],
          "duration": 0,
          "root": false,
          "rootEmpty": false,
          "_timeout": 2000
        },
        {
          "uuid": "cc5fb181-ed5c-4588-99cf-06131c58c617",
          "title": "iphone-6 resolution",
          "fullFile": "",
          "file": "",
          "beforeHooks": [],
          "afterHooks": [],
          "tests": [],
          "suites": [
            {
              "uuid": "e25760f1-a5a6-4859-8dcd-f9d486b33695",
              "title": "homepage",
              "fullFile": "",
              "file": "",
              "beforeHooks": [],
              "afterHooks": [],
              "tests": [
                {
                  "title": "menu button",
                  "fullTitle": "iphone-6 resolution homepage menu button",
                  "timedOut": null,
                  "duration": 342,
                  "state": "passed",
                  "speed": "slow",
                  "pass": true,
                  "fail": false,
                  "pending": false,
                  "context": null,
                  "code": "cy.visit('/');\ncy.get('.page-menu-button').first().click();",
                  "err": {},
                  "uuid": "15a578e8-fde3-4667-ba3f-d18938b419da",
                  "parentUUID": "e25760f1-a5a6-4859-8dcd-f9d486b33695",
                  "isHook": false,
                  "skipped": false
                }
              ],
              "suites": [],
              "passes": [
                "15a578e8-fde3-4667-ba3f-d18938b419da"
              ],
              "failures": [],
              "pending": [],
              "skipped": [],
              "duration": 342,
              "root": false,
              "rootEmpty": false,
              "_timeout": 2000
            }
          ],
          "passes": [],
          "failures": [],
          "pending": [],
          "skipped": [],
          "duration": 0,
          "root": false,
          "rootEmpty": false,
          "_timeout": 2000
        },
        {
          "uuid": "87b30105-66e4-4f70-a258-df6e953cfd66",
          "title": "iphone-5 resolution",
          "fullFile": "",
          "file": "",
          "beforeHooks": [],
          "afterHooks": [],
          "tests": [],
          "suites": [
            {
              "uuid": "8c135549-e65f-4cee-9c2c-60b6e3941f02",
              "title": "homepage",
              "fullFile": "",
              "file": "",
              "beforeHooks": [],
              "afterHooks": [],
              "tests": [
                {
                  "title": "menu button",
                  "fullTitle": "iphone-5 resolution homepage menu button",
                  "timedOut": null,
                  "duration": 319,
                  "state": "passed",
                  "speed": "slow",
                  "pass": true,
                  "fail": false,
                  "pending": false,
                  "context": null,
                  "code": "cy.visit('/');\ncy.get('.page-menu-button').first().click();",
                  "err": {},
                  "uuid": "1be397c6-b528-4bd8-8520-7a7af7667f58",
                  "parentUUID": "8c135549-e65f-4cee-9c2c-60b6e3941f02",
                  "isHook": false,
                  "skipped": false
                }
              ],
              "suites": [],
              "passes": [
                "1be397c6-b528-4bd8-8520-7a7af7667f58"
              ],
              "failures": [],
              "pending": [],
              "skipped": [],
              "duration": 319,
              "root": false,
              "rootEmpty": false,
              "_timeout": 2000
            }
          ],
          "passes": [],
          "failures": [],
          "pending": [],
          "skipped": [],
          "duration": 0,
          "root": false,
          "rootEmpty": false,
          "_timeout": 2000
        }
      ],
      "passes": [],
      "failures": [],
      "pending": [],
      "skipped": [],
      "duration": 0,
      "root": true,
      "rootEmpty": true,
      "_timeout": 2000
    }
  ],
  "meta": {
    "mocha": {
      "version": "7.1.0"
    },
    "mochawesome": {
      "options": {
        "quiet": false,
        "reportFilename": "mochawesome",
        "saveHtml": false,
        "saveJson": true,
        "consoleReporter": "spec",
        "useInlineDiffs": false,
        "code": true
      },
      "version": "5.0.0"
    },
    "marge": {
      "options": {
        "reportDir": "./reports/cypress/results",
        "overwrite": false,
        "html": false,
        "json": true
      },
      "version": "4.1.0"
    }
  }
}